Added Component: Designator=17(SOT-223)
Added Component: Designator=40-1(TO-220B)
Added Component: Designator=7333(SO8_N)
Added Component: Designator=7725(HDR2X8)
Added Component: Designator=AN1(SMT4*6*2.5)
Added Component: Designator=AN2(SMT4*6*2.5)
Added Component: Designator=AN3(SMT4*6*2.5)
Added Component: Designator=C12(C6032)
Added Component: Designator=C21(C6032)
Added Component: Designator=C22(C3216)
Added Component: Designator=C23(C7343)
Added Component: Designator=C31(C6032)
Added Component: Designator=C32(C3216)
Added Component: Designator=C33(C7343)
Added Component: Designator=C41(C6032)
Added Component: Designator=C42(C3216)
Added Component: Designator=C211(C7343)
Added Component: Designator=D12(SMA)
Added Component: Designator=DRIVE(HDR1X5)
Added Component: Designator=EC(HDR2X3)
Added Component: Designator=LQ_KXXP144-SYSVG(LQ_KXXP144-SYSVG)
Added Component: Designator=P1(HDR1X8)
Added Component: Designator=P11(T_Plug)
Added Component: Designator=P12(2PIN-5.08A)
Added Component: Designator=R11(R0805)
Added Component: Designator=R12(R0805)
Added Component: Designator=R13(R0805)
Added Component: Designator=R71(R0805)
Added Component: Designator=R72(R0805)
Added Component: Designator=R73(R0805)
Added Component: Designator=S1(MTS-103)
Added Component: Designator=S23(MTS-103)
Added Component: Designator=SR-04(HDR1X4)
Added Component: Designator=STOP(HDR1X3)
Added Component: Designator=W25(HDR1X6)
Added Pin To Net: NetName=3.3V Pin=17-2
Added Pin To Net: NetName=VB Pin=17-3
Added Pin To Net: NetName=VB Pin=40-1-1
Added Pin To Net: NetName=5V Pin=40-1-3
Added Pin To Net: NetName=VB Pin=7333-3
Added Pin To Net: NetName=VB Pin=7333-4
Added Pin To Net: NetName=3.3V Pin=7725-15
Added Pin To Net: NetName=KEY2 Pin=AN2-2
Added Pin To Net: NetName=KEY3 Pin=AN3-2
Added Pin To Net: NetName=NetC12_1 Pin=C12-1
Added Pin To Net: NetName=3.3V Pin=C21-1
Added Pin To Net: NetName=3.3V Pin=C22-1
Added Pin To Net: NetName=3.3V Pin=C23-1
Added Pin To Net: NetName=5V Pin=C31-1
Added Pin To Net: NetName=5V Pin=C32-1
Added Pin To Net: NetName=5V Pin=C33-1
Added Pin To Net: NetName=NetC12_1 Pin=C211-1
Added Pin To Net: NetName=VB Pin=D12-1
Added Pin To Net: NetName=NetD12_2 Pin=D12-2
Added Pin To Net: NetName=STEER Pin=DRIVE-3
Added Pin To Net: NetName=5V Pin=DRIVE-4
Added Pin To Net: NetName=3.3V Pin=EC-2
Added Pin To Net: NetName=CS Pin=LQ_KXXP144-SYSVG-7
Added Pin To Net: NetName=DO Pin=LQ_KXXP144-SYSVG-8
Added Pin To Net: NetName=CLK Pin=LQ_KXXP144-SYSVG-9
Added Pin To Net: NetName=DI Pin=LQ_KXXP144-SYSVG-10
Added Pin To Net: NetName=TV Pin=LQ_KXXP144-SYSVG-28
Added Pin To Net: NetName=KEY2 Pin=LQ_KXXP144-SYSVG-85
Added Pin To Net: NetName=KEY3 Pin=LQ_KXXP144-SYSVG-88
Added Pin To Net: NetName=STEER Pin=LQ_KXXP144-SYSVG-100
Added Pin To Net: NetName=STOP Pin=LQ_KXXP144-SYSVG-120
Added Pin To Net: NetName=5V Pin=P1-7
Added Pin To Net: NetName=NetC12_1 Pin=P11-1
Added Pin To Net: NetName=NetP12_2 Pin=P12-2
Added Pin To Net: NetName=NetD12_2 Pin=R11-2
Added Pin To Net: NetName=TV Pin=R12-1
Added Pin To Net: NetName=VB Pin=R12-2
Added Pin To Net: NetName=TV Pin=R13-2
Added Pin To Net: NetName=3.3V Pin=R71-2
Added Pin To Net: NetName=KEY2 Pin=R72-1
Added Pin To Net: NetName=3.3V Pin=R72-2
Added Pin To Net: NetName=KEY3 Pin=R73-1
Added Pin To Net: NetName=3.3V Pin=R73-2
Added Pin To Net: NetName=NetC12_1 Pin=S1-1
Added Pin To Net: NetName=VB Pin=S1-2
Added Pin To Net: NetName=NetP12_2 Pin=S23-1
Added Pin To Net: NetName=NetC12_1 Pin=S23-2
Added Pin To Net: NetName=5V Pin=SR-04-1
Added Pin To Net: NetName=5V Pin=STOP-1
Added Pin To Net: NetName=STOP Pin=STOP-2
Added Pin To Net: NetName=3.3V Pin=W25-1
Added Pin To Net: NetName=CS Pin=W25-2
Added Pin To Net: NetName=DO Pin=W25-3
Added Pin To Net: NetName=CLK Pin=W25-5
Added Pin To Net: NetName=DI Pin=W25-6
Added Pin To Net: NetName=ADC1_SE10 Pin=LQ_KXXP144-SYSVG-74
Added Pin To Net: NetName=ADC1_SE10 Pin=P1-1
Added Net: Name=ADC1_SE10
Added Pin To Net: NetName=ADC1_SE11 Pin=LQ_KXXP144-SYSVG-73
Added Pin To Net: NetName=ADC1_SE11 Pin=P1-2
Added Net: Name=ADC1_SE11
Added Pin To Net: NetName=ADC1_SE12 Pin=LQ_KXXP144-SYSVG-76
Added Pin To Net: NetName=ADC1_SE12 Pin=P1-3
Added Net: Name=ADC1_SE12
Added Pin To Net: NetName=ADC1_SE13 Pin=LQ_KXXP144-SYSVG-75
Added Pin To Net: NetName=ADC1_SE13 Pin=P1-4
Added Net: Name=ADC1_SE13
Added Pin To Net: NetName=ADC1_SE14 Pin=LQ_KXXP144-SYSVG-80
Added Pin To Net: NetName=ADC1_SE14 Pin=P1-5
Added Net: Name=ADC1_SE14
Added Pin To Net: NetName=ADC1_SE15 Pin=LQ_KXXP144-SYSVG-79
Added Pin To Net: NetName=ADC1_SE15 Pin=P1-6
Added Net: Name=ADC1_SE15
Added Pin To Net: NetName=D0 Pin=7725-1
Added Pin To Net: NetName=D0 Pin=LQ_KXXP144-SYSVG-110
Added Net: Name=D0
Added Pin To Net: NetName=D1 Pin=7725-2
Added Pin To Net: NetName=D1 Pin=LQ_KXXP144-SYSVG-109
Added Net: Name=D1
Added Pin To Net: NetName=D2 Pin=7725-3
Added Pin To Net: NetName=D2 Pin=LQ_KXXP144-SYSVG-112
Added Net: Name=D2
Added Pin To Net: NetName=D3 Pin=7725-4
Added Pin To Net: NetName=D3 Pin=LQ_KXXP144-SYSVG-111
Added Net: Name=D3
Added Pin To Net: NetName=D4 Pin=7725-5
Added Pin To Net: NetName=D4 Pin=LQ_KXXP144-SYSVG-114
Added Net: Name=D4
Added Pin To Net: NetName=D5 Pin=7725-6
Added Pin To Net: NetName=D5 Pin=LQ_KXXP144-SYSVG-113
Added Net: Name=D5
Added Pin To Net: NetName=D6 Pin=7725-7
Added Pin To Net: NetName=D6 Pin=LQ_KXXP144-SYSVG-116
Added Net: Name=D6
Added Pin To Net: NetName=D7 Pin=7725-8
Added Pin To Net: NetName=D7 Pin=LQ_KXXP144-SYSVG-115
Added Net: Name=D7
Added Pin To Net: NetName=ECA Pin=EC-3
Added Pin To Net: NetName=ECA Pin=LQ_KXXP144-SYSVG-84
Added Net: Name=ECA
Added Pin To Net: NetName=ECB Pin=EC-4
Added Pin To Net: NetName=ECB Pin=LQ_KXXP144-SYSVG-83
Added Net: Name=ECB
Added Pin To Net: NetName=ECHO Pin=LQ_KXXP144-SYSVG-93
Added Pin To Net: NetName=ECHO Pin=SR-04-3
Added Net: Name=ECHO
Added Pin To Net: NetName=GND Pin=17-1
Added Pin To Net: NetName=GND Pin=40-1-2
Added Pin To Net: NetName=GND Pin=7333-1
Added Pin To Net: NetName=GND Pin=7333-2
Added Pin To Net: NetName=GND Pin=7725-13
Added Pin To Net: NetName=GND Pin=7725-16
Added Pin To Net: NetName=GND Pin=AN1-1
Added Pin To Net: NetName=GND Pin=AN2-1
Added Pin To Net: NetName=GND Pin=AN3-1
Added Pin To Net: NetName=GND Pin=C12-2
Added Pin To Net: NetName=GND Pin=C21-2
Added Pin To Net: NetName=GND Pin=C22-2
Added Pin To Net: NetName=GND Pin=C23-2
Added Pin To Net: NetName=GND Pin=C31-2
Added Pin To Net: NetName=GND Pin=C32-2
Added Pin To Net: NetName=GND Pin=C33-2
Added Pin To Net: NetName=GND Pin=C41-2
Added Pin To Net: NetName=GND Pin=C42-2
Added Pin To Net: NetName=GND Pin=C211-2
Added Pin To Net: NetName=GND Pin=DRIVE-5
Added Pin To Net: NetName=GND Pin=EC-1
Added Pin To Net: NetName=GND Pin=LQ_KXXP144-SYSVG-41
Added Pin To Net: NetName=GND Pin=LQ_KXXP144-SYSVG-43
Added Pin To Net: NetName=GND Pin=P1-8
Added Pin To Net: NetName=GND Pin=P11-2
Added Pin To Net: NetName=GND Pin=P12-1
Added Pin To Net: NetName=GND Pin=R11-1
Added Pin To Net: NetName=GND Pin=R13-1
Added Pin To Net: NetName=GND Pin=SR-04-4
Added Pin To Net: NetName=GND Pin=STOP-3
Added Pin To Net: NetName=GND Pin=W25-4
Added Net: Name=GND
Added Pin To Net: NetName=HRF Pin=7725-12
Added Pin To Net: NetName=HRF Pin=LQ_KXXP144-SYSVG-124
Added Net: Name=HRF
Added Pin To Net: NetName=KEY1 Pin=AN1-2
Added Pin To Net: NetName=KEY1 Pin=LQ_KXXP144-SYSVG-86
Added Pin To Net: NetName=KEY1 Pin=R71-1
Added Net: Name=KEY1
Added Pin To Net: NetName=PCK Pin=7725-11
Added Pin To Net: NetName=PCK Pin=LQ_KXXP144-SYSVG-121
Added Net: Name=PCK
Added Pin To Net: NetName=PWM1 Pin=DRIVE-2
Added Pin To Net: NetName=PWM1 Pin=LQ_KXXP144-SYSVG-89
Added Net: Name=PWM1
Added Pin To Net: NetName=PWM2 Pin=DRIVE-1
Added Pin To Net: NetName=PWM2 Pin=LQ_KXXP144-SYSVG-90
Added Net: Name=PWM2
Added Pin To Net: NetName=SCCBSCL Pin=7725-10
Added Pin To Net: NetName=SCCBSCL Pin=LQ_KXXP144-SYSVG-1
Added Net: Name=SCCBSCL
Added Pin To Net: NetName=SCCBSDA Pin=7725-9
Added Pin To Net: NetName=SCCBSDA Pin=LQ_KXXP144-SYSVG-2
Added Net: Name=SCCBSDA
Added Pin To Net: NetName=TRIG Pin=LQ_KXXP144-SYSVG-94
Added Pin To Net: NetName=TRIG Pin=SR-04-2
Added Net: Name=TRIG
Added Pin To Net: NetName=VCC Pin=7333-5
Added Pin To Net: NetName=VCC Pin=7333-6
Added Pin To Net: NetName=VCC Pin=7333-7
Added Pin To Net: NetName=VCC Pin=C41-1
Added Pin To Net: NetName=VCC Pin=C42-1
Added Pin To Net: NetName=VCC Pin=LQ_KXXP144-SYSVG-45
Added Net: Name=VCC
Added Pin To Net: NetName=VSY Pin=7725-14
Added Pin To Net: NetName=VSY Pin=LQ_KXXP144-SYSVG-123
Added Net: Name=VSY
Added Member To Class: ClassName=Sheet Member=Component 17
Added Member To Class: ClassName=Sheet Member=Component 40-1
Added Member To Class: ClassName=Sheet Member=Component 7333
Added Member To Class: ClassName=Sheet Member=Component 7725 Header 8X2
Added Member To Class: ClassName=Sheet Member=Component AN1 Button
Added Member To Class: ClassName=Sheet Member=Component AN2 Button
Added Member To Class: ClassName=Sheet Member=Component AN3 Button
Added Member To Class: ClassName=Sheet Member=Component C12 Cap Pol3
Added Member To Class: ClassName=Sheet Member=Component C21 Cap Pol3
Added Member To Class: ClassName=Sheet Member=Component C22 Cap Pol3
Added Member To Class: ClassName=Sheet Member=Component C23 Cap Pol3
Added Member To Class: ClassName=Sheet Member=Component C31 Cap Pol3
Added Member To Class: ClassName=Sheet Member=Component C32 Cap Pol3
Added Member To Class: ClassName=Sheet Member=Component C33 Cap Pol3
Added Member To Class: ClassName=Sheet Member=Component C41 Cap Pol3
Added Member To Class: ClassName=Sheet Member=Component C42 Cap Pol3
Added Member To Class: ClassName=Sheet Member=Component C211 Cap Pol3
Added Member To Class: ClassName=Sheet Member=Component D12 LED1
Added Member To Class: ClassName=Sheet Member=Component DRIVE Header 5
Added Member To Class: ClassName=Sheet Member=Component EC Header 3X2
Added Member To Class: ClassName=Sheet Member=Component LQ_KXXP144-SYSVG
Added Member To Class: ClassName=Sheet Member=Component P1 Header 8
Added Member To Class: ClassName=Sheet Member=Component P11 Header 2
Added Member To Class: ClassName=Sheet Member=Component P12 Header 2
Added Member To Class: ClassName=Sheet Member=Component R11 Res3
Added Member To Class: ClassName=Sheet Member=Component R12 Res3
Added Member To Class: ClassName=Sheet Member=Component R13 Res3
Added Member To Class: ClassName=Sheet Member=Component R71 Res3
Added Member To Class: ClassName=Sheet Member=Component R72 Res3
Added Member To Class: ClassName=Sheet Member=Component R73 Res3
Added Member To Class: ClassName=Sheet Member=Component S1 SW
Added Member To Class: ClassName=Sheet Member=Component S23 S2W
Added Member To Class: ClassName=Sheet Member=Component SR-04 Header 4
Added Member To Class: ClassName=Sheet Member=Component STOP Header 3
Added Member To Class: ClassName=Sheet Member=Component W25 MHDR1X6
Added Room: Name=Sheet
